app/build/intermediates/manifest_merge_blame_file/debug/manifest-merger-blame-debug-report.txt
1<?xml version="1.0" encoding="utf-8"?>
2<manifest xmlns:android="http://schemas.android.com/apk/res/android"
3    package="com.choco"
4    android:versionCode="1"
5    android:versionName="1.0" >
6
7    <uses-sdk
8        android:minSdkVersion="21"
8-->src\main\AndroidManifest.xml
9        android:targetSdkVersion="29" />
9-->src\main\AndroidManifest.xml
10
11    <uses-permission android:name="android.permission.INTERNET" />
11-->src\main\AndroidManifest.xml:6:5-67
11-->src\main\AndroidManifest.xml:6:22-64
12    <uses-permission android:name="android.permission.REORDER_TASKS" />
12-->[androidx.test:core:1.2.0] AndroidManifest.xml:24:5-72
12-->[androidx.test:core:1.2.0] AndroidManifest.xml:24:22-69
13
14    <application
14-->src\main\AndroidManifest.xml:8:5-24:19
15        android:allowBackup="true"
15-->src\main\AndroidManifest.xml:9:9-35
16        android:appComponentFactory="androidx.core.app.CoreComponentFactory"
16-->[androidx.core:core:1.2.0-rc01] AndroidManifest.xml:24:18-86
17        android:debuggable="true"
18        android:icon="@mipmap/ic_launcher"
18-->src\main\AndroidManifest.xml:10:9-43
19        android:label="@string/app_name"
19-->src\main\AndroidManifest.xml:11:9-41
20        android:roundIcon="@mipmap/ic_launcher_round"
20-->src\main\AndroidManifest.xml:12:9-54
21        android:supportsRtl="true"
21-->src\main\AndroidManifest.xml:13:9-35
22        android:testOnly="true"
23        android:theme="@style/SplashTheme"
23-->src\main\AndroidManifest.xml:14:9-43
24        android:usesCleartextTraffic="true" >
24-->[:features:order] AndroidManifest.xml:15:9-44
25        <activity
25-->src\main\AndroidManifest.xml:16:9-23:20
26            android:name="com.choco.SplashActivity"
26-->src\main\AndroidManifest.xml:17:13-43
27            android:screenOrientation="portrait" >
27-->src\main\AndroidManifest.xml:18:13-49
28            <intent-filter>
28-->src\main\AndroidManifest.xml:19:13-22:29
29                <action android:name="android.intent.action.MAIN" />
29-->src\main\AndroidManifest.xml:20:17-69
29-->src\main\AndroidManifest.xml:20:25-66
30
31                <category android:name="android.intent.category.LAUNCHER" />
31-->src\main\AndroidManifest.xml:21:17-77
31-->src\main\AndroidManifest.xml:21:27-74
32            </intent-filter>
33        </activity>
34        <activity
34-->[:features:login] AndroidManifest.xml:12:9-22:20
35            android:name="com.login.activity.LoginActivity"
35-->[:features:login] AndroidManifest.xml:13:13-60
36            android:launchMode="singleTop"
36-->[:features:login] AndroidManifest.xml:14:13-43
37            android:screenOrientation="portrait"
37-->[:features:login] AndroidManifest.xml:15:13-49
38            android:theme="@style/LoginTheme" >
38-->[:features:login] AndroidManifest.xml:16:13-46
39            <intent-filter>
39-->[:features:login] AndroidManifest.xml:17:13-21:29
40                <action android:name="com.features.login.activity.LoginActivity" />
40-->[:features:login] AndroidManifest.xml:18:17-84
40-->[:features:login] AndroidManifest.xml:18:25-81
41
42                <category android:name="android.intent.category.DEFAULT" />
42-->[:features:login] AndroidManifest.xml:20:17-76
42-->[:features:login] AndroidManifest.xml:20:27-73
43            </intent-filter>
44        </activity>
45
46        <meta-data
46-->[:features:login] AndroidManifest.xml:24:9-26:57
47            android:name="preloaded_fonts"
47-->[:features:login] AndroidManifest.xml:25:13-43
48            android:resource="@array/preloaded_fonts" />
48-->[:features:login] AndroidManifest.xml:26:13-54
49
50        <activity
50-->[:features:order] AndroidManifest.xml:17:9-26:20
51            android:name="com.order.ordercheckout.ui.activity.ConfirmationOrderActivity"
51-->[:features:order] AndroidManifest.xml:18:13-89
52            android:launchMode="singleTop"
52-->[:features:order] AndroidManifest.xml:19:13-43
53            android:screenOrientation="portrait" >
53-->[:features:order] AndroidManifest.xml:20:13-49
54            <intent-filter>
54-->[:features:order] AndroidManifest.xml:21:13-25:29
55                <action android:name="com.features.order.ordercheckout.ui.activity.ConfirmationOrderActivity" />
55-->[:features:order] AndroidManifest.xml:22:17-113
55-->[:features:order] AndroidManifest.xml:22:25-110
56
57                <category android:name="android.intent.category.DEFAULT" />
57-->[:features:login] AndroidManifest.xml:20:17-76
57-->[:features:login] AndroidManifest.xml:20:27-73
58            </intent-filter>
59        </activity>
60        <activity
60-->[:features:order] AndroidManifest.xml:27:9-37:20
61            android:name="com.order.ordercheckout.ui.activity.OrderCheckoutActivity"
61-->[:features:order] AndroidManifest.xml:28:13-85
62            android:label="@string/order_summary_title_menu"
62-->[:features:order] AndroidManifest.xml:29:13-61
63            android:launchMode="singleTop"
63-->[:features:order] AndroidManifest.xml:30:13-43
64            android:screenOrientation="portrait" >
64-->[:features:order] AndroidManifest.xml:31:13-49
65            <intent-filter>
65-->[:features:order] AndroidManifest.xml:32:13-36:29
66                <action android:name="com.features.order.ordercheckout.ui.activity.OrderCheckoutActivity" />
66-->[:features:order] AndroidManifest.xml:33:17-109
66-->[:features:order] AndroidManifest.xml:33:25-106
67
68                <category android:name="android.intent.category.DEFAULT" />
68-->[:features:login] AndroidManifest.xml:20:17-76
68-->[:features:login] AndroidManifest.xml:20:27-73
69            </intent-filter>
70        </activity>
71        <activity
71-->[:features:order] AndroidManifest.xml:38:9-48:20
72            android:name="com.order.orderlist.ui.activity.OrderListActivity"
72-->[:features:order] AndroidManifest.xml:39:13-77
73            android:label="@string/order_title_menu"
73-->[:features:order] AndroidManifest.xml:40:13-53
74            android:launchMode="singleTop"
74-->[:features:order] AndroidManifest.xml:41:13-43
75            android:screenOrientation="portrait" >
75-->[:features:order] AndroidManifest.xml:42:13-49
76            <intent-filter>
76-->[:features:order] AndroidManifest.xml:43:13-47:29
77                <action android:name="com.features.order.orderlist.ui.activity.OrderListActivity" />
77-->[:features:order] AndroidManifest.xml:44:17-101
77-->[:features:order] AndroidManifest.xml:44:25-98
78
79                <category android:name="android.intent.category.DEFAULT" />
79-->[:features:login] AndroidManifest.xml:20:17-76
79-->[:features:login] AndroidManifest.xml:20:27-73
80            </intent-filter>
81        </activity>
82        <activity
82-->[androidx.test:core:1.2.0] AndroidManifest.xml:27:9-33:20
83            android:name="androidx.test.core.app.InstrumentationActivityInvoker$BootstrapActivity"
83-->[androidx.test:core:1.2.0] AndroidManifest.xml:28:13-99
84            android:theme="@android:style/Theme" >
84-->[androidx.test:core:1.2.0] AndroidManifest.xml:29:13-49
85            <intent-filter>
85-->[androidx.test:core:1.2.0] AndroidManifest.xml:30:13-32:29
86                <action android:name="android.intent.action.MAIN" />
86-->src\main\AndroidManifest.xml:20:17-69
86-->src\main\AndroidManifest.xml:20:25-66
87            </intent-filter>
88        </activity>
89        <activity
89-->[androidx.test:core:1.2.0] AndroidManifest.xml:34:9-40:20
90            android:name="androidx.test.core.app.InstrumentationActivityInvoker$EmptyActivity"
90-->[androidx.test:core:1.2.0] AndroidManifest.xml:35:13-95
91            android:theme="@android:style/Theme" >
91-->[androidx.test:core:1.2.0] AndroidManifest.xml:36:13-49
92            <intent-filter>
92-->[androidx.test:core:1.2.0] AndroidManifest.xml:30:13-32:29
93                <action android:name="android.intent.action.MAIN" />
93-->src\main\AndroidManifest.xml:20:17-69
93-->src\main\AndroidManifest.xml:20:25-66
94            </intent-filter>
95        </activity>
96        <activity
96-->[androidx.test:core:1.2.0] AndroidManifest.xml:41:9-47:20
97            android:name="androidx.test.core.app.InstrumentationActivityInvoker$EmptyFloatingActivity"
97-->[androidx.test:core:1.2.0] AndroidManifest.xml:42:13-103
98            android:theme="@android:style/Theme.Dialog" >
98-->[androidx.test:core:1.2.0] AndroidManifest.xml:43:13-56
99            <intent-filter>
99-->[androidx.test:core:1.2.0] AndroidManifest.xml:30:13-32:29
100                <action android:name="android.intent.action.MAIN" />
100-->src\main\AndroidManifest.xml:20:17-69
100-->src\main\AndroidManifest.xml:20:25-66
101            </intent-filter>
102        </activity>
103
104        <provider
104-->[androidx.lifecycle:lifecycle-process:2.2.0-rc03] AndroidManifest.xml:25:9-29:43
105            android:name="androidx.lifecycle.ProcessLifecycleOwnerInitializer"
105-->[androidx.lifecycle:lifecycle-process:2.2.0-rc03] AndroidManifest.xml:26:13-79
106            android:authorities="com.choco.lifecycle-process"
106-->[androidx.lifecycle:lifecycle-process:2.2.0-rc03] AndroidManifest.xml:27:13-69
107            android:exported="false"
107-->[androidx.lifecycle:lifecycle-process:2.2.0-rc03] AndroidManifest.xml:28:13-37
108            android:multiprocess="true" />
108-->[androidx.lifecycle:lifecycle-process:2.2.0-rc03] AndroidManifest.xml:29:13-40
109    </application>
110
111</manifest>